<?xml version="1.0" encoding="UTF-8"?>
<!-- Generated by org.testng.reporters.JUnitXMLReporter -->
<testsuite ignored="0" hostname="LTIN192698" failures="0" tests="6" name="Edge Test" time="0.057" errors="0" timestamp="2024-02-28T09:54:56 IST">
  <testcase classname="testBase.DriverBase" name="@BeforeClass setup" time="-1.709094295715E9">
    <failure type="org.testng.TestNGException" message="
Parameter &amp;apos;os&amp;apos; is required by BeforeClass on method setup but has not been marked @Optional or defined
in C:\Users\2303987\eclipse-workspace\Hackathon_Project\testng.xml">
      <![CDATA[org.testng.TestNGException: 
Parameter 'os' is required by BeforeClass on method setup but has not been marked @Optional or defined
in C:\Users\2303987\eclipse-workspace\Hackathon_Project\testng.xml
at java.base/java.util.ArrayList.forEach(ArrayList.java:1511)
... Removed 22 stack frames]]>
    </failure>
  </testcase> <!-- @BeforeClass setup -->
  <testcase classname="testBase.DriverBase" name="@AfterClass closure" time="-1.709094295765E9">
    <skipped/>
  </testcase> <!-- @AfterClass closure -->
  <testcase classname="testCase.TC_Display_Bookshelves" name="scroll_to_Bookshelves" time="0.001">
    <skipped/>
  </testcase> <!-- scroll_to_Bookshelves -->
  <testcase classname="testCase.TC_Display_Bookshelves" name="select_filters" time="0.0">
    <skipped/>
  </testcase> <!-- select_filters -->
  <testcase classname="testCase.TC_Display_Bookshelves" name="display_data" time="0.0">
    <skipped/>
  </testcase> <!-- display_data -->
  <testcase classname="testCase.TC_Display_Bookshelves" name="menu_items" time="0.0">
    <skipped/>
  </testcase> <!-- menu_items -->
  <testcase classname="testCase.TC_Display_Bookshelves" name="gift_card" time="0.0">
    <skipped/>
  </testcase> <!-- gift_card -->
  <testcase classname="testCase.TC_Display_Bookshelves" name="fill_address" time="0.0">
    <skipped/>
  </testcase> <!-- fill_address -->
</testsuite> <!-- Edge Test -->
